2021-03-31 10:14:57:1457 error: Error connecting to database Could not connect to any servers in your MongoDB Atlas cluster. One common reason is that you're trying to access the database from an IP that isn't whitelisted. Make sure your current IP address is on your Atlas cluster's IP whitelist: https://docs.atlas.mongodb.com/security-whitelist/
2021-04-04 09:23:37:2337 error: Error connecting to database bad auth : Authentication failed.
2021-04-04 09:30:47:3047 error: Error connecting to database bad auth : Authentication failed.
2021-04-04 09:33:31:3331 error: Error connecting to database bad auth : Authentication failed.
2021-04-04 09:33:37:3337 error: Error connecting to database bad auth : Authentication failed.
2021-04-04 09:35:49:3549 error: Error connecting to database bad auth : Authentication failed.
2021-04-04 09:36:53:3653 error: Error connecting to database bad auth : Authentication failed.
2021-04-04 09:38:54:3854 info: Successfully connected to mongo server
2021-04-04 09:39:16:3916 info: Successfully connected to mongo server
2021-04-04 09:43:15:4315 info: Successfully connected to mongo server
2021-04-04 09:43:21:4321 info: Successfully connected to mongo server
2021-04-04 09:56:30:5630 info: Successfully connected to mongo server
2021-04-04 09:56:35:5635 info: Successfully connected to mongo server
2021-04-04 16:41:00:410 error: Error connecting to database bad auth : Authentication failed.
2021-04-04 16:42:50:4250 error: Error connecting to database bad auth : Authentication failed.
2021-04-04 16:45:09:459 error: Error connecting to database bad auth : Authentication failed.
2021-04-04 16:47:17:4717 error: Error connecting to database bad auth : Authentication failed.
2021-04-04 16:51:22:5122 info: Successfully connected to mongo server
2021-04-04 16:56:24:5624 info: Successfully connected to mongo server
2021-04-04 16:56:30:5630 info: Successfully connected to mongo server
2021-04-04 16:57:11:5711 info: Successfully connected to mongo server
2021-04-04 16:59:04:594 info: Successfully connected to mongo server
2021-04-04 16:59:08:598 info: Successfully connected to mongo server
2021-04-04 17:00:06:06 info: Successfully connected to mongo server
2021-04-04 17:00:17:017 info: Successfully connected to mongo server
2021-04-04 17:02:13:213 info: Successfully connected to mongo server
2021-04-04 17:02:18:218 info: Successfully connected to mongo server
2021-04-04 17:03:51:351 info: Successfully connected to mongo server
2021-04-04 17:04:24:424 info: Successfully connected to mongo server
2021-04-04 17:04:31:431 info: Successfully connected to mongo server
2021-04-04 17:04:37:437 info: Successfully connected to mongo server
2021-04-04 17:05:10:510 info: Successfully connected to mongo server
2021-04-04 17:06:03:63 info: Successfully connected to mongo server
2021-04-04 17:06:08:68 info: Successfully connected to mongo server
2021-04-04 17:06:30:630 info: Successfully connected to mongo server
2021-04-13 20:54:53:5453 info: Successfully connected to mongo server
2021-04-13 20:57:41:5741 info: Successfully connected to mongo server
2021-04-13 21:03:37:337 info: Successfully connected to mongo server
2021-04-13 21:03:57:357 error: unable to create user: ValidationError: _id: Cast to ObjectId failed for value "fsuct" at path "_id"
2021-04-13 21:06:24:624 error: unable to create user: ValidationError: _id: Cast to ObjectId failed for value "qzbov" at path "_id"
2021-04-13 21:14:47:1447 info: Successfully connected to mongo server
2021-04-13 21:19:41:1941 info: Successfully connected to mongo server
2021-04-13 21:27:23:2723 info: Successfully connected to mongo server
2021-04-13 21:36:53:3653 info: Successfully connected to mongo server
2021-04-13 21:38:02:382 info: Successfully connected to mongo server
2021-04-13 21:38:15:3815 info: Successfully connected to mongo server
2021-04-14 08:55:26:5526 error: Error connecting to database Could not connect to any servers in your MongoDB Atlas cluster. One common reason is that you're trying to access the database from an IP that isn't whitelisted. Make sure your current IP address is on your Atlas cluster's IP whitelist: https://docs.atlas.mongodb.com/security-whitelist/
2021-04-14 08:59:48:5948 info: Successfully connected to mongo server
2021-04-14 09:02:22:222 info: Successfully connected to mongo server
2021-04-14 09:03:32:332 info: Successfully connected to mongo server
2021-04-14 09:04:35:435 info: Successfully connected to mongo server
2021-04-14 09:04:45:445 info: Successfully connected to mongo server
2021-04-14 09:04:57:457 info: Successfully connected to mongo server
2021-04-14 09:06:44:644 info: Successfully connected to mongo server
2021-04-14 09:07:08:78 info: Successfully connected to mongo server
2021-04-14 09:09:09:99 info: Successfully connected to mongo server
2021-04-14 09:12:24:1224 info: Successfully connected to mongo server
2021-04-14 09:13:04:134 info: Successfully connected to mongo server
2021-04-14 09:18:26:1826 info: Successfully connected to mongo server
2021-04-14 09:20:06:206 info: Successfully connected to mongo server
2021-04-14 09:20:28:2028 info: Successfully connected to mongo server
2021-04-14 09:22:19:2219 info: Successfully connected to mongo server
2021-04-14 09:24:01:241 info: Successfully connected to mongo server
2021-04-14 09:24:47:2447 info: Successfully connected to mongo server
2021-04-14 09:25:07:257 info: Successfully connected to mongo server
2021-04-14 09:28:10:2810 info: Successfully connected to mongo server
2021-04-14 09:29:08:298 info: Successfully connected to mongo server
2021-04-14 09:30:05:305 info: Successfully connected to mongo server
2021-04-14 09:31:49:3149 info: Successfully connected to mongo server
2021-04-14 09:32:06:326 info: Successfully connected to mongo server
2021-04-14 09:32:57:3257 info: Successfully connected to mongo server
2021-04-14 09:33:48:3348 info: Successfully connected to mongo server
2021-04-14 09:34:26:3426 info: Successfully connected to mongo server
2021-04-14 09:48:42:4842 info: Successfully connected to mongo server
2021-04-14 09:53:20:5320 info: Successfully connected to mongo server
2021-04-14 09:54:08:548 info: Successfully connected to mongo server
2021-04-14 09:54:27:5427 info: Successfully connected to mongo server
2021-04-14 09:54:54:5454 info: Successfully connected to mongo server
2021-04-14 09:55:28:5528 info: Successfully connected to mongo server
2021-04-14 09:55:38:5538 info: Successfully connected to mongo server
2021-04-14 09:56:11:5611 info: Successfully connected to mongo server
2021-04-14 09:56:16:5616 info: Successfully connected to mongo server
2021-04-14 09:56:54:5654 info: Successfully connected to mongo server
2021-04-14 09:58:11:5811 info: Successfully connected to mongo server
2021-04-14 10:02:06:26 info: Successfully connected to mongo server
2021-04-14 10:10:33:1033 info: Successfully connected to mongo server
2021-04-14 10:14:08:148 info: Successfully connected to mongo server
2021-04-14 10:19:41:1941 info: Successfully connected to mongo server
2021-04-14 10:37:47:3747 info: Successfully connected to mongo server
2021-04-14 10:38:04:384 info: Successfully connected to mongo server
2021-04-14 10:38:11:3811 info: Successfully connected to mongo server
2021-04-14 11:12:25:1225 info: Successfully connected to mongo server
2021-04-14 11:14:03:143 info: Successfully connected to mongo server
2021-04-14 11:25:41:2541 info: Successfully connected to mongo server
2021-04-14 12:01:42:142 info: Successfully connected to mongo server
2021-04-14 12:02:00:20 error: unable to create user: ValidationError: name: Path `name` is required., email: Path `email` is required.
2021-04-14 12:02:52:252 info: Successfully connected to mongo server
2021-04-14 12:18:05:185 info: Successfully connected to mongo server
2021-04-14 12:19:00:190 info: Successfully connected to mongo server
2021-04-14 12:19:18:1918 info: Successfully connected to mongo server
2021-04-14 12:19:30:1930 info: Successfully connected to mongo server
2021-04-14 12:21:47:2147 info: Successfully connected to mongo server
2021-04-14 12:30:51:3051 info: Successfully connected to mongo server
2021-04-14 12:31:15:3115 info: Successfully connected to mongo server
2021-04-14 12:34:02:342 info: Successfully connected to mongo server
2021-04-14 12:34:19:3419 info: Successfully connected to mongo server
2021-04-14 12:34:35:3435 info: Successfully connected to mongo server
2021-04-14 12:35:09:359 info: Successfully connected to mongo server
2021-04-14 12:35:46:3546 info: Successfully connected to mongo server
2021-04-14 12:36:15:3615 info: Successfully connected to mongo server
2021-04-14 12:36:30:3630 info: Successfully connected to mongo server
2021-04-14 12:36:46:3646 info: Successfully connected to mongo server
2021-04-14 12:37:50:3750 info: Successfully connected to mongo server
2021-04-14 12:38:06:386 info: Successfully connected to mongo server
2021-04-14 12:38:20:3820 info: Successfully connected to mongo server
2021-04-14 12:39:06:396 info: Successfully connected to mongo server
2021-04-14 12:39:28:3928 info: Successfully connected to mongo server
2021-04-14 12:39:45:3945 info: Successfully connected to mongo server
2021-04-14 12:40:26:4026 info: Successfully connected to mongo server
2021-04-14 12:40:53:4053 info: Successfully connected to mongo server
2021-04-14 12:42:38:4238 info: Successfully connected to mongo server
2021-04-14 12:44:28:4428 info: Successfully connected to mongo server
2021-04-14 12:44:58:4458 info: Successfully connected to mongo server
2021-04-14 12:45:56:4556 info: Successfully connected to mongo server
2021-04-14 12:46:36:4636 info: Successfully connected to mongo server
2021-04-14 12:46:44:4644 info: Successfully connected to mongo server
2021-04-14 12:46:58:4658 info: Successfully connected to mongo server
2021-04-14 12:47:13:4713 info: Successfully connected to mongo server
2021-04-14 12:49:41:4941 info: Successfully connected to mongo server
2021-04-14 12:50:38:5038 info: Successfully connected to mongo server
2021-04-14 12:55:07:557 info: Successfully connected to mongo server
2021-04-14 12:57:51:5751 info: Successfully connected to mongo server
2021-04-14 13:06:46:646 info: Successfully connected to mongo server
2021-04-14 13:11:50:1150 info: Successfully connected to mongo server
2021-04-14 13:13:02:132 info: Successfully connected to mongo server
2021-04-14 13:19:48:1948 info: Successfully connected to mongo server
2021-04-14 13:20:30:2030 info: Successfully connected to mongo server
2021-04-14 13:20:50:2050 info: Successfully connected to mongo server
2021-04-14 13:21:28:2128 info: Successfully connected to mongo server
2021-04-14 13:22:59:2259 info: Successfully connected to mongo server
2021-04-14 13:23:53:2353 info: Successfully connected to mongo server
2021-04-14 13:24:12:2412 info: Successfully connected to mongo server
2021-04-14 13:24:22:2422 info: Successfully connected to mongo server
2021-04-14 13:27:03:273 info: Successfully connected to mongo server
2021-04-14 13:27:31:2731 info: Successfully connected to mongo server
2021-04-14 13:27:43:2743 info: Successfully connected to mongo server
2021-04-14 13:29:07:297 info: Successfully connected to mongo server
2021-04-14 13:30:49:3049 info: Successfully connected to mongo server
2021-04-14 13:31:48:3148 info: Successfully connected to mongo server
2021-04-14 13:34:08:348 info: Successfully connected to mongo server
2021-04-14 13:35:15:3515 info: Successfully connected to mongo server
2021-04-14 13:36:42:3642 info: Successfully connected to mongo server
2021-04-14 13:37:37:3737 info: Successfully connected to mongo server
2021-04-14 13:39:30:3930 info: Successfully connected to mongo server
2021-04-14 13:39:42:3942 info: Successfully connected to mongo server
2021-04-14 13:40:06:406 info: Successfully connected to mongo server
2021-04-14 13:42:01:421 info: Successfully connected to mongo server
2021-04-14 13:55:28:5528 info: Successfully connected to mongo server
2021-04-14 13:57:13:5713 info: Successfully connected to mongo server
2021-04-14 14:00:20:020 info: Successfully connected to mongo server
2021-04-14 14:01:41:141 info: Successfully connected to mongo server
2021-04-14 14:13:09:139 info: Successfully connected to mongo server
2021-04-14 14:17:10:1710 info: Successfully connected to mongo server
2021-04-14 14:21:20:2120 info: Successfully connected to mongo server
2021-04-14 14:23:21:2321 info: Successfully connected to mongo server
2021-04-14 14:23:34:2334 info: Successfully connected to mongo server
2021-04-14 14:25:45:2545 info: Successfully connected to mongo server
2021-04-14 14:26:26:2626 info: Successfully connected to mongo server
2021-04-14 14:26:32:2632 info: Successfully connected to mongo server
2021-04-14 14:26:54:2654 info: Successfully connected to mongo server
2021-04-14 14:28:01:281 info: Successfully connected to mongo server
2021-04-14 14:28:44:2844 info: Successfully connected to mongo server
2021-04-14 14:29:45:2945 info: Successfully connected to mongo server
2021-04-14 14:49:24:4924 info: Successfully connected to mongo server
2021-04-14 14:49:52:4952 info: Successfully connected to mongo server
2021-04-14 14:50:34:5034 info: Successfully connected to mongo server
2021-04-14 14:53:35:5335 info: Successfully connected to mongo server
2021-04-14 14:54:32:5432 info: Successfully connected to mongo server
2021-04-14 14:55:02:552 info: Successfully connected to mongo server
2021-04-14 14:55:37:5537 info: Successfully connected to mongo server
2021-04-14 14:56:37:5637 info: Successfully connected to mongo server
2021-04-14 14:56:48:5648 info: Successfully connected to mongo server
2021-04-14 15:18:37:1837 info: Successfully connected to mongo server
2021-04-14 15:21:52:2152 info: Successfully connected to mongo server
2021-04-14 16:37:00:370 info: Successfully connected to mongo server
2021-04-14 16:38:26:3826 info: Successfully connected to mongo server
2021-04-14 16:45:08:458 info: Successfully connected to mongo server
2021-04-14 16:46:52:4652 info: Successfully connected to mongo server
2021-04-14 16:47:37:4737 info: Successfully connected to mongo server
2021-04-14 16:48:33:4833 info: Successfully connected to mongo server
2021-04-14 17:44:58:4458 info: Successfully connected to mongo server
2021-04-14 20:30:41:3041 info: Successfully connected to mongo server
2021-04-14 20:50:07:507 info: Successfully connected to mongo server
2021-04-14 20:54:52:5452 info: Successfully connected to mongo server
2021-04-14 21:06:27:627 info: Successfully connected to mongo server
2021-04-14 21:14:49:1449 info: Successfully connected to mongo server
2021-04-14 21:19:00:190 info: Successfully connected to mongo server
2021-04-14 21:20:03:203 info: Successfully connected to mongo server
2021-04-14 21:22:43:2243 info: Successfully connected to mongo server
2021-04-14 21:27:33:2733 info: Successfully connected to mongo server
2021-04-14 21:27:44:2744 info: Successfully connected to mongo server
2021-04-14 21:29:34:2934 info: Successfully connected to mongo server
2021-04-14 21:30:28:3028 info: Successfully connected to mongo server
2021-04-14 21:33:33:3333 info: Successfully connected to mongo server
2021-04-14 21:33:55:3355 info: Successfully connected to mongo server
2021-04-14 21:34:44:3444 info: Successfully connected to mongo server
2021-04-14 21:35:05:355 info: Successfully connected to mongo server
2021-04-14 21:36:09:369 info: Successfully connected to mongo server
2021-04-14 21:42:12:4212 info: Successfully connected to mongo server
2021-04-14 21:43:40:4340 info: Successfully connected to mongo server
2021-04-14 21:44:57:4457 info: Successfully connected to mongo server
2021-04-14 21:45:06:456 info: Successfully connected to mongo server
2021-04-14 21:46:16:4616 info: Successfully connected to mongo server
2021-04-14 21:49:18:4918 info: Successfully connected to mongo server
2021-04-14 21:52:19:5219 info: Successfully connected to mongo server
2021-04-14 21:53:19:5319 info: Successfully connected to mongo server
2021-04-14 21:54:00:540 info: Successfully connected to mongo server
2021-04-14 21:54:43:5443 info: Successfully connected to mongo server
2021-04-14 21:56:22:5622 info: Successfully connected to mongo server
2021-04-15 08:42:59:4259 info: Successfully connected to mongo server
2021-04-15 08:44:48:4448 info: Successfully connected to mongo server
2021-04-15 08:52:19:5219 info: Successfully connected to mongo server
2021-04-15 08:54:03:543 info: Successfully connected to mongo server
2021-04-15 08:56:27:5627 info: Successfully connected to mongo server
2021-04-15 08:59:16:5916 info: Successfully connected to mongo server
2021-04-15 09:04:12:412 info: Successfully connected to mongo server
2021-04-15 09:06:09:69 info: Successfully connected to mongo server
2021-04-15 09:06:57:657 info: Successfully connected to mongo server
2021-04-15 09:07:29:729 info: Successfully connected to mongo server
2021-04-15 09:08:16:816 info: Successfully connected to mongo server
2021-04-15 09:08:59:859 info: Successfully connected to mongo server
2021-04-15 09:09:21:921 info: Successfully connected to mongo server
2021-04-15 09:09:48:948 info: Successfully connected to mongo server
2021-04-15 09:10:21:1021 info: Successfully connected to mongo server
2021-04-15 09:10:58:1058 info: Successfully connected to mongo server
2021-04-15 09:11:23:1123 info: Successfully connected to mongo server
2021-04-15 09:19:30:1930 info: Successfully connected to mongo server
2021-04-15 09:19:58:1958 info: Successfully connected to mongo server
2021-04-15 09:20:23:2023 info: Successfully connected to mongo server
2021-04-15 09:21:44:2144 info: Successfully connected to mongo server
2021-04-15 09:23:48:2348 info: Successfully connected to mongo server
2021-04-15 09:24:06:246 info: Successfully connected to mongo server
2021-04-15 09:24:22:2422 info: Successfully connected to mongo server
2021-04-15 09:28:02:282 info: Successfully connected to mongo server
2021-04-15 09:31:40:3140 info: Successfully connected to mongo server
2021-04-15 09:36:55:3655 info: Successfully connected to mongo server
2021-04-15 09:38:30:3830 info: Successfully connected to mongo server
2021-04-15 09:40:17:4017 info: Successfully connected to mongo server
2021-04-15 09:40:22:4022 info: Successfully connected to mongo server
2021-04-15 09:40:50:4050 info: Successfully connected to mongo server
2021-04-15 09:46:11:4611 info: Successfully connected to mongo server
2021-04-15 09:46:46:4646 info: Successfully connected to mongo server
2021-04-15 09:48:27:4827 info: Successfully connected to mongo server
2021-04-15 09:50:05:505 info: Successfully connected to mongo server
2021-04-15 09:52:21:5221 info: Successfully connected to mongo server
2021-04-15 09:54:31:5431 info: Successfully connected to mongo server
2021-04-15 09:56:06:566 info: Successfully connected to mongo server
2021-04-15 09:59:44:5944 info: Successfully connected to mongo server
2021-04-15 10:00:23:023 info: Successfully connected to mongo server
2021-04-15 10:01:31:131 info: Successfully connected to mongo server
2021-04-15 10:02:52:252 info: Successfully connected to mongo server
2021-04-15 10:03:22:322 info: Successfully connected to mongo server
2021-04-15 10:04:28:428 info: Successfully connected to mongo server
2021-04-15 10:06:27:627 info: Successfully connected to mongo server
2021-04-15 10:06:48:648 info: Successfully connected to mongo server
2021-04-15 10:07:02:72 info: Successfully connected to mongo server
2021-04-15 10:07:07:77 info: Successfully connected to mongo server
2021-04-15 10:08:50:850 info: Successfully connected to mongo server
2021-04-15 10:09:16:916 info: Successfully connected to mongo server
2021-04-15 10:09:23:923 info: Successfully connected to mongo server
2021-04-15 10:09:29:929 info: Successfully connected to mongo server
2021-04-15 10:10:35:1035 info: Successfully connected to mongo server
2021-04-15 10:11:41:1141 info: Successfully connected to mongo server
2021-04-15 10:12:32:1232 info: Successfully connected to mongo server
2021-04-15 10:13:42:1342 info: Successfully connected to mongo server
2021-04-15 10:30:54:3054 info: Successfully connected to mongo server
2021-04-15 10:34:16:3416 info: Successfully connected to mongo server
2021-04-15 10:35:51:3551 info: Successfully connected to mongo server
2021-04-15 10:36:46:3646 info: Successfully connected to mongo server
2021-04-15 10:39:37:3937 info: Successfully connected to mongo server
2021-04-15 10:40:05:405 info: Successfully connected to mongo server
2021-04-15 10:41:47:4147 info: Successfully connected to mongo server
2021-04-15 10:43:30:4330 info: Successfully connected to mongo server
2021-04-15 10:45:02:452 info: Successfully connected to mongo server
2021-04-15 10:46:31:4631 info: Successfully connected to mongo server
2021-04-15 10:46:53:4653 info: Successfully connected to mongo server
2021-04-15 10:48:02:482 info: Successfully connected to mongo server
2021-04-15 11:00:10:010 info: Successfully connected to mongo server
2021-04-15 11:00:19:019 info: Successfully connected to mongo server
2021-04-15 11:01:05:15 info: Successfully connected to mongo server
2021-04-15 11:02:35:235 info: Successfully connected to mongo server
2021-04-15 11:04:10:410 info: Successfully connected to mongo server
2021-04-15 11:06:20:620 info: Successfully connected to mongo server
2021-04-15 11:07:08:78 error: unable to get setlist: CastError: Cast to ObjectId failed for value "add" at path "_id" for model "Setlist"
2021-04-15 11:07:47:747 error: unable to get setlist: CastError: Cast to ObjectId failed for value "add" at path "_id" for model "Setlist"
2021-04-15 11:08:47:847 info: Successfully connected to mongo server
2021-04-15 11:09:52:952 info: Successfully connected to mongo server
2021-04-15 11:10:01:101 info: Successfully connected to mongo server
2021-04-15 11:10:06:106 info: Successfully connected to mongo server
2021-04-15 12:55:05:555 info: Successfully connected to mongo server
2021-04-15 12:56:06:566 info: Successfully connected to mongo server
2021-04-15 12:57:30:5730 info: Successfully connected to mongo server
2021-04-15 12:57:47:5747 info: Successfully connected to mongo server
2021-04-15 13:01:35:135 info: Successfully connected to mongo server
2021-04-15 13:02:14:214 info: Successfully connected to mongo server
2021-04-15 13:02:21:221 info: Successfully connected to mongo server
2021-04-15 13:03:13:313 info: Successfully connected to mongo server
2021-04-15 13:04:26:426 info: Successfully connected to mongo server
2021-04-15 13:14:29:1429 info: Successfully connected to mongo server
2021-04-15 13:16:14:1614 info: Successfully connected to mongo server
2021-04-15 13:16:35:1635 info: Successfully connected to mongo server
2021-04-15 13:18:44:1844 info: Successfully connected to mongo server
2021-04-15 13:20:11:2011 info: Successfully connected to mongo server
2021-04-15 13:23:34:2334 info: Successfully connected to mongo server
2021-04-15 13:24:32:2432 info: Successfully connected to mongo server
2021-04-15 13:33:14:3314 info: Successfully connected to mongo server
2021-04-15 13:34:02:342 info: Successfully connected to mongo server
2021-04-15 13:34:42:3442 info: Successfully connected to mongo server
2021-04-15 13:34:52:3452 info: Successfully connected to mongo server
2021-04-15 13:35:42:3542 info: Successfully connected to mongo server
2021-04-15 13:38:04:384 info: Successfully connected to mongo server
2021-04-15 13:38:16:3816 info: Successfully connected to mongo server
2021-04-15 13:39:01:391 info: Successfully connected to mongo server
2021-04-15 13:44:39:4439 info: Successfully connected to mongo server
2021-04-15 13:45:43:4543 info: Successfully connected to mongo server
2021-04-15 13:46:12:4612 info: Successfully connected to mongo server
2021-04-15 13:46:32:4632 info: Successfully connected to mongo server
2021-04-15 13:47:54:4754 info: Successfully connected to mongo server
2021-04-15 13:49:33:4933 info: Successfully connected to mongo server
2021-04-15 13:51:53:5153 info: Successfully connected to mongo server
2021-04-15 14:00:42:042 info: Successfully connected to mongo server
2021-04-15 14:02:43:243 info: Successfully connected to mongo server
2021-04-15 14:04:44:444 info: Successfully connected to mongo server
2021-04-15 14:06:12:612 info: Successfully connected to mongo server
2021-04-15 14:08:58:858 info: Successfully connected to mongo server
2021-04-15 14:09:37:937 info: Successfully connected to mongo server
2021-04-15 14:12:07:127 info: Successfully connected to mongo server
2021-04-15 14:17:28:1728 info: Successfully connected to mongo server
2021-04-15 14:21:31:2131 info: Successfully connected to mongo server
2021-04-15 14:25:50:2550 info: Successfully connected to mongo server
2021-04-15 14:26:08:268 info: Successfully connected to mongo server
2021-04-15 14:26:14:2614 info: Successfully connected to mongo server
2021-04-15 14:41:35:4135 info: Successfully connected to mongo server
2021-04-15 14:43:30:4330 info: Successfully connected to mongo server
2021-04-15 14:44:32:4432 info: Successfully connected to mongo server
2021-04-15 14:45:32:4532 info: Successfully connected to mongo server
2021-04-15 14:46:48:4648 info: Successfully connected to mongo server
2021-04-15 14:49:24:4924 info: Successfully connected to mongo server
2021-04-15 14:51:23:5123 info: Successfully connected to mongo server
2021-04-15 14:55:55:5555 info: Successfully connected to mongo server
2021-04-15 14:56:56:5656 info: Successfully connected to mongo server
2021-04-15 14:59:41:5941 info: Successfully connected to mongo server
2021-04-15 15:01:04:14 info: Successfully connected to mongo server
2021-04-15 15:01:11:111 info: Successfully connected to mongo server
2021-04-15 15:01:17:117 info: Successfully connected to mongo server
2021-04-15 15:01:38:138 info: Successfully connected to mongo server
2021-04-15 15:01:44:144 info: Successfully connected to mongo server
2021-04-15 15:03:50:350 info: Successfully connected to mongo server
2021-04-15 15:04:36:436 info: Successfully connected to mongo server
2021-04-15 15:05:47:547 info: Successfully connected to mongo server
2021-04-15 15:05:52:552 info: Successfully connected to mongo server
2021-04-15 15:06:34:634 info: Successfully connected to mongo server
2021-04-15 15:06:45:645 info: Successfully connected to mongo server
2021-04-15 15:08:16:816 info: Successfully connected to mongo server
2021-04-15 15:10:38:1038 info: Successfully connected to mongo server
2021-04-15 15:13:16:1316 info: Successfully connected to mongo server
2021-04-15 15:14:59:1459 info: Successfully connected to mongo server
2021-04-15 15:15:48:1548 info: Successfully connected to mongo server
2021-04-15 15:16:27:1627 info: Successfully connected to mongo server
2021-04-15 15:17:35:1735 info: Successfully connected to mongo server
2021-04-15 15:17:39:1739 info: Successfully connected to mongo server
2021-04-15 15:20:34:2034 info: Successfully connected to mongo server
2021-04-15 15:24:56:2456 info: Successfully connected to mongo server
2021-04-15 15:29:27:2927 info: Successfully connected to mongo server
2021-04-15 15:31:05:315 info: Successfully connected to mongo server
2021-04-15 15:35:32:3532 info: Successfully connected to mongo server
2021-04-15 15:37:24:3724 info: Successfully connected to mongo server
2021-04-15 15:37:54:3754 info: Successfully connected to mongo server
2021-04-15 15:38:51:3851 info: Successfully connected to mongo server
2021-04-15 15:39:57:3957 info: Successfully connected to mongo server
2021-04-15 15:43:58:4358 info: Successfully connected to mongo server
2021-04-15 15:44:47:4447 info: Successfully connected to mongo server
2021-04-15 15:55:58:5558 info: Successfully connected to mongo server
2021-04-15 15:56:52:5652 info: Successfully connected to mongo server
2021-04-15 15:58:04:584 info: Successfully connected to mongo server
2021-04-15 15:58:19:5819 info: Successfully connected to mongo server
2021-04-15 16:03:51:351 info: Successfully connected to mongo server
2021-04-15 16:03:56:356 info: Successfully connected to mongo server
2021-04-15 16:05:46:546 info: Successfully connected to mongo server
2021-04-15 16:06:23:623 info: Successfully connected to mongo server
2021-04-15 16:06:31:631 info: Successfully connected to mongo server
2021-04-15 16:07:00:70 info: Successfully connected to mongo server
2021-04-15 16:08:00:80 info: Successfully connected to mongo server
2021-04-15 16:08:08:88 info: Successfully connected to mongo server
2021-04-15 16:08:40:840 info: Successfully connected to mongo server
2021-04-15 16:11:45:1145 info: Successfully connected to mongo server
2021-04-15 16:12:38:1238 info: Successfully connected to mongo server
2021-04-15 16:13:39:1339 info: Successfully connected to mongo server
2021-04-15 16:14:34:1434 info: Successfully connected to mongo server
2021-04-15 16:15:33:1533 info: Successfully connected to mongo server
2021-04-16 08:51:16:5116 info: Successfully connected to mongo server
2021-04-16 08:56:51:5651 info: Successfully connected to mongo server
2021-04-16 08:57:01:571 error: error retrieving setlists: CastError: Cast to ObjectId failed for value "[object Object]" at path "band" for model "Setlist"
2021-04-16 08:57:44:5744 info: Successfully connected to mongo server
2021-04-16 08:58:38:5838 info: Successfully connected to mongo server
2021-04-16 08:59:27:5927 info: Successfully connected to mongo server
2021-04-16 08:59:36:5936 info: Successfully connected to mongo server
2021-04-16 09:00:57:057 info: Successfully connected to mongo server
2021-04-16 09:01:19:119 info: Successfully connected to mongo server
2021-04-16 09:02:01:21 info: Successfully connected to mongo server
2021-04-16 09:02:24:224 info: Successfully connected to mongo server
2021-04-16 09:02:49:249 info: Successfully connected to mongo server
2021-04-16 09:03:31:331 info: Successfully connected to mongo server
2021-04-16 09:09:59:959 info: Successfully connected to mongo server
2021-04-16 09:12:16:1216 error: Error connecting to database Could not connect to any servers in your MongoDB Atlas cluster. One common reason is that you're trying to access the database from an IP that isn't whitelisted. Make sure your current IP address is on your Atlas cluster's IP whitelist: https://docs.atlas.mongodb.com/security-whitelist/
2021-04-16 09:15:39:1539 error: Error connecting to database Could not connect to any servers in your MongoDB Atlas cluster. One common reason is that you're trying to access the database from an IP that isn't whitelisted. Make sure your current IP address is on your Atlas cluster's IP whitelist: https://docs.atlas.mongodb.com/security-whitelist/
2021-04-16 09:16:57:1657 error: Error connecting to database Could not connect to any servers in your MongoDB Atlas cluster. One common reason is that you're trying to access the database from an IP that isn't whitelisted. Make sure your current IP address is on your Atlas cluster's IP whitelist: https://docs.atlas.mongodb.com/security-whitelist/
2021-04-16 09:19:58:1958 error: Error connecting to database Could not connect to any servers in your MongoDB Atlas cluster. One common reason is that you're trying to access the database from an IP that isn't whitelisted. Make sure your current IP address is on your Atlas cluster's IP whitelist: https://docs.atlas.mongodb.com/security-whitelist/
2021-04-16 09:20:51:2051 error: Error connecting to database Could not connect to any servers in your MongoDB Atlas cluster. One common reason is that you're trying to access the database from an IP that isn't whitelisted. Make sure your current IP address is on your Atlas cluster's IP whitelist: https://docs.atlas.mongodb.com/security-whitelist/
2021-04-16 09:21:30:2130 error: Error connecting to database Could not connect to any servers in your MongoDB Atlas cluster. One common reason is that you're trying to access the database from an IP that isn't whitelisted. Make sure your current IP address is on your Atlas cluster's IP whitelist: https://docs.atlas.mongodb.com/security-whitelist/
2021-04-16 09:25:31:2531 info: Successfully connected to mongo server
2021-04-16 09:27:41:2741 info: Successfully connected to mongo server
2021-04-16 09:27:56:2756 info: Successfully connected to mongo server
2021-04-16 09:28:05:285 info: Successfully connected to mongo server
2021-04-16 09:32:10:3210 info: Successfully connected to mongo server
2021-04-16 09:33:11:3311 info: Successfully connected to mongo server
2021-04-16 09:33:54:3354 info: Successfully connected to mongo server
2021-04-16 09:35:16:3516 info: Successfully connected to mongo server
2021-04-16 09:36:38:3638 info: Successfully connected to mongo server
2021-04-16 09:39:14:3914 info: Successfully connected to mongo server
2021-04-16 09:42:11:4211 info: Successfully connected to mongo server
2021-04-16 09:42:25:4225 info: Successfully connected to mongo server
2021-04-16 09:43:03:433 info: Successfully connected to mongo server
2021-04-16 09:43:37:4337 info: Successfully connected to mongo server
2021-04-16 09:43:42:4342 info: Successfully connected to mongo server
2021-04-16 09:46:41:4641 info: Successfully connected to mongo server
2021-04-16 09:48:53:4853 info: Successfully connected to mongo server
2021-04-16 09:59:32:5932 info: Successfully connected to mongo server
2021-04-16 10:02:41:241 info: Successfully connected to mongo server
2021-04-16 10:05:27:527 info: Successfully connected to mongo server
2021-04-16 10:06:25:625 info: Successfully connected to mongo server
2021-04-16 10:07:10:710 info: Successfully connected to mongo server
2021-04-16 10:07:51:751 info: Successfully connected to mongo server
2021-04-16 10:08:58:858 info: Successfully connected to mongo server
2021-04-16 10:09:47:947 info: Successfully connected to mongo server
2021-04-16 10:10:15:1015 info: Successfully connected to mongo server
2021-04-16 10:11:15:1115 info: Successfully connected to mongo server
2021-04-16 10:32:43:3243 info: Successfully connected to mongo server
2021-04-16 11:58:46:5846 info: Successfully connected to mongo server
2021-04-16 12:01:18:118 info: Successfully connected to mongo server
2021-04-16 12:04:45:445 info: Successfully connected to mongo server
2021-04-16 12:09:00:90 info: Successfully connected to mongo server
2021-04-16 12:10:20:1020 info: Successfully connected to mongo server
2021-04-16 12:15:22:1522 info: Successfully connected to mongo server
2021-04-16 12:15:43:1543 info: Successfully connected to mongo server
2021-04-16 12:17:09:179 info: Successfully connected to mongo server
2021-04-16 12:18:31:1831 info: Successfully connected to mongo server
2021-04-16 12:19:30:1930 info: Successfully connected to mongo server
2021-04-16 12:20:07:207 info: Successfully connected to mongo server
2021-04-16 12:28:11:2811 info: Successfully connected to mongo server
2021-04-16 12:32:54:3254 info: Successfully connected to mongo server
2021-04-16 12:33:19:3319 info: Successfully connected to mongo server
2021-04-16 12:34:09:349 info: Successfully connected to mongo server
2021-04-16 12:38:33:3833 error: an error occurred during save of band 6079c7cd063a278ec8afa38a
2021-04-16 12:39:21:3921 info: Successfully connected to mongo server
2021-04-16 12:39:31:3931 info: Successfully connected to mongo server
2021-04-16 12:39:35:3935 error: an error occurred during save of band 6079c7cd063a278ec8afa38a
2021-04-16 12:42:45:4245 info: Successfully connected to mongo server
2021-04-16 12:44:37:4437 info: Successfully connected to mongo server
2021-04-16 13:08:27:827 info: Successfully connected to mongo server
2021-04-16 13:11:45:1145 info: Successfully connected to mongo server
2021-04-16 13:14:30:1430 info: Successfully connected to mongo server
2021-04-16 13:19:10:1910 info: Successfully connected to mongo server
2021-04-16 13:19:50:1950 info: Successfully connected to mongo server
2021-04-16 13:20:27:2027 info: Successfully connected to mongo server
2021-04-16 13:21:29:2129 info: Successfully connected to mongo server
2021-04-16 13:22:03:223 info: Successfully connected to mongo server
2021-04-16 13:22:22:2222 info: Successfully connected to mongo server
2021-04-16 13:24:21:2421 info: Successfully connected to mongo server
2021-04-16 13:26:15:2615 info: Successfully connected to mongo server
2021-04-16 13:28:49:2849 info: Successfully connected to mongo server
2021-04-16 13:30:40:3040 info: Successfully connected to mongo server
2021-04-16 13:35:06:356 info: Successfully connected to mongo server
2021-04-16 13:36:46:3646 info: Successfully connected to mongo server
2021-04-16 13:49:53:4953 info: Successfully connected to mongo server
2021-04-16 13:50:29:5029 info: Successfully connected to mongo server
2021-04-16 13:51:31:5131 info: Successfully connected to mongo server
2021-04-16 13:51:50:5150 info: Successfully connected to mongo server
2021-04-16 13:52:57:5257 info: Successfully connected to mongo server
2021-04-16 13:54:00:540 info: Successfully connected to mongo server
2021-04-16 13:54:18:5418 info: Successfully connected to mongo server
2021-04-16 13:55:30:5530 info: Successfully connected to mongo server
2021-04-16 13:55:44:5544 info: Successfully connected to mongo server
2021-04-16 13:55:52:5552 info: Successfully connected to mongo server
2021-04-16 13:56:31:5631 info: Successfully connected to mongo server
2021-04-16 14:00:12:012 info: Successfully connected to mongo server
2021-04-16 14:02:20:220 info: Successfully connected to mongo server
2021-04-16 14:04:49:449 info: Successfully connected to mongo server
2021-04-16 14:09:34:934 info: Successfully connected to mongo server
2021-04-16 14:09:45:945 info: Successfully connected to mongo server
2021-04-16 14:09:51:951 info: Successfully connected to mongo server
2021-04-16 14:11:05:115 info: Successfully connected to mongo server
2021-04-16 14:11:54:1154 info: Successfully connected to mongo server
2021-04-16 14:12:51:1251 info: Successfully connected to mongo server
2021-04-16 14:13:08:138 info: Successfully connected to mongo server
2021-04-16 14:15:12:1512 info: Successfully connected to mongo server
2021-04-16 14:15:38:1538 info: Successfully connected to mongo server
2021-04-16 14:21:06:216 info: Successfully connected to mongo server
2021-04-16 17:17:03:173 info: Successfully connected to mongo server
